<?xml version="1.0" encoding="UTF-8"?>
<!-- Generated by org.testng.reporters.JUnitReportReporter -->
<testsuite hostname="FL2012HPCPQW" name="pumaSearchTests.AdvancedSearchTestCases2" tests="1" failures="0" timestamp="31 Jul 2013 14:10:14 GMT" time="25.193" errors="0">
  <testcase name="test2" time="25.193" classname="pumaSearchTests.AdvancedSearchTestCases2"/>
</testsuite> <!-- pumaSearchTests.AdvancedSearchTestCases2 -->
